<?xml version="1.0" encoding="UTF-8"?>
<testsuite xmlns:xsi="http://www.w3.org/2001/XMLSchema-instance" xsi:noNamespaceSchemaLocation="https://maven.apache.org/surefire/maven-surefire-plugin/xsd/surefire-test-report.xsd" name="com.example.AppTest" time="0.037" tests="1" errors="0" skipped="0" failures="0">
  <properties>
    <property name="java.specification.version" value="18"/>
    <property name="sun.jnu.encoding" value="UTF-8"/>
    <property name="java.class.path" value="/Users/markymarkscomputer/Desktop/Untitled/Java Code/demo/target/test-classes:/Users/markymarkscomputer/Desktop/Untitled/Java Code/demo/target/classes:/Users/markymarkscomputer/.m2/repository/junit/junit/4.11/junit-4.11.jar:/Users/markymarkscomputer/.m2/repository/org/hamcrest/hamcrest-core/1.3/hamcrest-core-1.3.jar:/Users/markymarkscomputer/.m2/repository/com/github/dpaukov/combinatoricslib3/3.3.3/combinatoricslib3-3.3.3.jar:"/>
    <property name="java.vm.vendor" value="Homebrew"/>
    <property name="sun.arch.data.model" value="64"/>
    <property name="java.vendor.url" value="https://github.com/Homebrew/homebrew-core/issues"/>
    <property name="os.name" value="Mac OS X"/>
    <property name="java.vm.specification.version" value="18"/>
    <property name="sun.java.launcher" value="SUN_STANDARD"/>
    <property name="user.country" value="US"/>
    <property name="sun.boot.library.path" value="/usr/local/Cellar/openjdk/18/libexec/openjdk.jdk/Contents/Home/lib"/>
    <property name="sun.java.command" value="/Users/markymarkscomputer/Desktop/Untitled/Java Code/demo/target/surefire/surefirebooter17454991832603524018.jar /Users/markymarkscomputer/Desktop/Untitled/Java Code/demo/target/surefire 2023-07-25T17-15-09_096-jvmRun1 surefire13683360827767180604tmp surefire_04795336835169779932tmp"/>
    <property name="http.nonProxyHosts" value="local|*.local|169.254/16|*.169.254/16"/>
    <property name="jdk.debug" value="release"/>
    <property name="surefire.test.class.path" value="/Users/markymarkscomputer/Desktop/Untitled/Java Code/demo/target/test-classes:/Users/markymarkscomputer/Desktop/Untitled/Java Code/demo/target/classes:/Users/markymarkscomputer/.m2/repository/junit/junit/4.11/junit-4.11.jar:/Users/markymarkscomputer/.m2/repository/org/hamcrest/hamcrest-core/1.3/hamcrest-core-1.3.jar:/Users/markymarkscomputer/.m2/repository/com/github/dpaukov/combinatoricslib3/3.3.3/combinatoricslib3-3.3.3.jar:"/>
    <property name="sun.cpu.endian" value="little"/>
    <property name="user.home" value="/Users/markymarkscomputer"/>
    <property name="user.language" value="en"/>
    <property name="java.specification.vendor" value="Oracle Corporation"/>
    <property name="java.version.date" value="2022-03-22"/>
    <property name="java.home" value="/usr/local/Cellar/openjdk/18/libexec/openjdk.jdk/Contents/Home"/>
    <property name="file.separator" value="/"/>
    <property name="basedir" value="/Users/markymarkscomputer/Desktop/Untitled/Java Code/demo"/>
    <property name="java.vm.compressedOopsMode" value="Zero based"/>
    <property name="line.separator" value="&#10;"/>
    <property name="java.vm.specification.vendor" value="Oracle Corporation"/>
    <property name="java.specification.name" value="Java Platform API Specification"/>
    <property name="apple.awt.application.name" value="ForkedBooter"/>
    <property name="surefire.real.class.path" value="/Users/markymarkscomputer/Desktop/Untitled/Java Code/demo/target/surefire/surefirebooter17454991832603524018.jar"/>
    <property name="sun.management.compiler" value="HotSpot 64-Bit Tiered Compilers"/>
    <property name="ftp.nonProxyHosts" value="local|*.local|169.254/16|*.169.254/16"/>
    <property name="java.runtime.version" value="18+0"/>
    <property name="user.name" value="markymarkscomputer"/>
    <property name="path.separator" value=":"/>
    <property name="os.version" value="12.1"/>
    <property name="java.runtime.name" value="OpenJDK Runtime Environment"/>
    <property name="file.encoding" value="UTF-8"/>
    <property name="java.vm.name" value="OpenJDK 64-Bit Server VM"/>
    <property name="java.vendor.version" value="Homebrew"/>
    <property name="localRepository" value="/Users/markymarkscomputer/.m2/repository"/>
    <property name="java.vendor.url.bug" value="https://github.com/Homebrew/homebrew-core/issues"/>
    <property name="java.io.tmpdir" value="/var/folders/kz/67_tbvx16k7_11309765453c0000gn/T/"/>
    <property name="java.version" value="18"/>
    <property name="user.dir" value="/Users/markymarkscomputer/Desktop/Untitled/Java Code/demo"/>
    <property name="os.arch" value="x86_64"/>
    <property name="java.vm.specification.name" value="Java Virtual Machine Specification"/>
    <property name="native.encoding" value="UTF-8"/>
    <property name="java.library.path" value="/Users/markymarkscomputer/Library/Java/Extensions:/Library/Java/Extensions:/Network/Library/Java/Extensions:/System/Library/Java/Extensions:/usr/lib/java:."/>
    <property name="java.vm.info" value="mixed mode, sharing"/>
    <property name="java.vendor" value="Homebrew"/>
    <property name="java.vm.version" value="18+0"/>
    <property name="sun.io.unicode.encoding" value="UnicodeBig"/>
    <property name="socksNonProxyHosts" value="local|*.local|169.254/16|*.169.254/16"/>
    <property name="java.class.version" value="62.0"/>
  </properties>
  <testcase name="shouldAnswerWithTrue" classname="com.example.AppTest" time="0.003"/>
</testsuite>